빌드 시작: 2019-04-14 오후 10:13:51
     1>2 노드의 "C:\Users\JIHYE\Desktop\mYUV\mYUV\mYUV.vcxproj" 프로젝트(build 대상)입니다.
     1>InitializeBuildStatus:
         "Debug\mYUV.unsuccessfulbuild"에 연결(touching)하고 있습니다.
       ClCompile:
         모든 출력이 최신 상태입니다.
         c:\Program Files (x86)\Microsoft Visual Studio 10.0\VC\bin\CL.exe /c /ZI /nologo /W3 /WX- /Od /Oy- /D WIN32 /D _WINDOWS /D _DEBUG /D _UNICODE /D UNICODE /D _AFXDLL /Gm /EHsc /RTC1 /MDd /GS /fp:precise /Zc:wchar_t /Zc:forScope /Yu"StdAfx.h" /Fp"Debug\mYUV.pch" /Fo"Debug\\" /Fd"Debug\vc100.pdb" /Gd /TP /analyze- /errorReport:prompt mYUVDoc.cpp
         mYUVDoc.cpp
     1>c:\users\jihye\desktop\myuv\myuv\myuvdoc.cpp(176): warning C4996: '_wfopen': This function or variable may be unsafe. Consider using _wfopen_s instead. To disable deprecation, use _CRT_SECURE_NO_WARNINGS. See online help for details.
                 c:\program files (x86)\microsoft visual studio 10.0\vc\include\wchar.h(815) : '_wfopen' 선언을 참조하십시오.
       ResourceCompile:
         모든 출력이 최신 상태입니다.
       ManifestResourceCompile:
         모든 출력이 최신 상태입니다.
       Link:
         c:\Program Files (x86)\Microsoft Visual Studio 10.0\VC\bin\link.exe /ERRORREPORT:PROMPT /OUT:"C:\Users\JIHYE\Desktop\mYUV\Debug\mYUV.exe" /INCREMENTAL /NOLOGO /MANIFEST /ManifestFile:"Debug\mYUV.exe.intermediate.manifest" /MANIFESTUAC:"level='asInvoker' uiAccess='false'" /DEBUG /PDB:"C:\Users\JIHYE\Desktop\mYUV\Debug\mYUV.pdb" /SUBSYSTEM:WINDOWS /TLBID:1 /ENTRY:"wWinMainCRTStartup" /DYNAMICBASE /NXCOMPAT /IMPLIB:"C:\Users\JIHYE\Desktop\mYUV\Debug\mYUV.lib" /MACHINE:X86 Debug\mYUV.res
         Debug\mYUV.exe.embed.manifest.res
         Debug\MainFrm.obj
         Debug\mYUV.obj
         Debug\mYUVDoc.obj
         Debug\mYUVView.obj
         Debug\stdafx.obj
         Debug\YuvConfDlg.obj
       Manifest:
         C:\Program Files (x86)\Microsoft SDKs\Windows\v7.0A\bin\mt.exe /nologo /verbose /out:"Debug\mYUV.exe.embed.manifest" /manifest Debug\mYUV.exe.intermediate.manifest "c:\Program Files (x86)\Microsoft Visual Studio 10.0\VC\Include\Manifest\dpiaware.manifest"
         모든 출력이 최신 상태입니다.
       LinkEmbedManifest:
         모든 출력이 최신 상태입니다.
         mYUV.vcxproj -> C:\Users\JIHYE\Desktop\mYUV\Debug\mYUV.exe
       FinalizeBuildStatus:
         "Debug\mYUV.unsuccessfulbuild" 파일을 삭제하고 있습니다.
         "Debug\mYUV.lastbuildstate"에 연결(touching)하고 있습니다.
     1>"C:\Users\JIHYE\Desktop\mYUV\mYUV\mYUV.vcxproj" 프로젝트를 빌드했습니다(build 대상).

빌드했습니다.

경과 시간: 00:00:05.88
